<?xml version="1.0" encoding="UTF-8"?>
<testsuite xmlns:xsi="http://www.w3.org/2001/XMLSchema-instance" xsi:noNamespaceSchemaLocation="https://maven.apache.org/surefire/maven-surefire-plugin/xsd/surefire-test-report.xsd" name="io.pivotal.petclinic.owner.VisitControllerTests" time="1.419" tests="3" errors="0" skipped="0" failures="0">
  <properties>
    <property name="gopherProxySet" value="false"/>
    <property name="awt.toolkit" value="sun.lwawt.macosx.LWCToolkit"/>
    <property name="file.encoding.pkg" value="sun.io"/>
    <property name="java.specification.version" value="1.8"/>
    <property name="sun.cpu.isalist" value=""/>
    <property name="sun.jnu.encoding" value="UTF-8"/>
    <property name="java.class.path" value="/Users/dpfeffer/workspace/spring-petclinic/spring-petclinic-app/target/test-classes:/Users/dpfeffer/workspace/spring-petclinic/spring-petclinic-app/target/classes:/Users/dpfeffer/.m2/repository/org/springframework/boot/spring-boot-starter/2.1.6.RELEASE/spring-boot-starter-2.1.6.RELEASE.jar:/Users/dpfeffer/.m2/repository/org/springframework/boot/spring-boot/2.1.6.RELEASE/spring-boot-2.1.6.RELEASE.jar:/Users/dpfeffer/.m2/repository/org/springframework/spring-context/5.1.8.RELEASE/spring-context-5.1.8.RELEASE.jar:/Users/dpfeffer/.m2/repository/org/springframework/boot/spring-boot-autoconfigure/2.1.6.RELEASE/spring-boot-autoconfigure-2.1.6.RELEASE.jar:/Users/dpfeffer/.m2/repository/javax/annotation/javax.annotation-api/1.3.2/javax.annotation-api-1.3.2.jar:/Users/dpfeffer/.m2/repository/org/springframework/spring-core/5.1.8.RELEASE/spring-core-5.1.8.RELEASE.jar:/Users/dpfeffer/.m2/repository/org/springframework/spring-jcl/5.1.8.RELEASE/spring-jcl-5.1.8.RELEASE.jar:/Users/dpfeffer/.m2/repository/org/yaml/snakeyaml/1.23/snakeyaml-1.23.jar:/Users/dpfeffer/.m2/repository/org/apache/logging/log4j/log4j-slf4j-impl/2.11.2/log4j-slf4j-impl-2.11.2.jar:/Users/dpfeffer/.m2/repository/org/slf4j/slf4j-api/1.7.26/slf4j-api-1.7.26.jar:/Users/dpfeffer/.m2/repository/org/apache/logging/log4j/log4j-api/2.11.2/log4j-api-2.11.2.jar:/Users/dpfeffer/.m2/repository/org/apache/logging/log4j/log4j-core/2.11.2/log4j-core-2.11.2.jar:/Users/dpfeffer/.m2/repository/org/slf4j/jcl-over-slf4j/1.7.26/jcl-over-slf4j-1.7.26.jar:/Users/dpfeffer/.m2/repository/org/slf4j/jul-to-slf4j/1.7.26/jul-to-slf4j-1.7.26.jar:/Users/dpfeffer/.m2/repository/org/projectlombok/lombok/1.18.8/lombok-1.18.8.jar:/Users/dpfeffer/.m2/repository/org/springframework/boot/spring-boot-starter-actuator/2.1.6.RELEASE/spring-boot-starter-actuator-2.1.6.RELEASE.jar:/Users/dpfeffer/.m2/repository/org/springframework/boot/spring-boot-actuator-autoconfigure/2.1.6.RELEASE/spring-boot-actuator-autoconfigure-2.1.6.RELEASE.jar:/Users/dpfeffer/.m2/repository/org/springframework/boot/spring-boot-actuator/2.1.6.RELEASE/spring-boot-actuator-2.1.6.RELEASE.jar:/Users/dpfeffer/.m2/repository/com/fasterxml/jackson/core/jackson-databind/2.9.9/jackson-databind-2.9.9.jar:/Users/dpfeffer/.m2/repository/com/fasterxml/jackson/core/jackson-annotations/2.9.0/jackson-annotations-2.9.0.jar:/Users/dpfeffer/.m2/repository/com/fasterxml/jackson/datatype/jackson-datatype-jsr310/2.9.9/jackson-datatype-jsr310-2.9.9.jar:/Users/dpfeffer/.m2/repository/io/micrometer/micrometer-core/1.1.5/micrometer-core-1.1.5.jar:/Users/dpfeffer/.m2/repository/org/hdrhistogram/HdrHistogram/2.1.9/HdrHistogram-2.1.9.jar:/Users/dpfeffer/.m2/repository/org/latencyutils/LatencyUtils/2.0.3/LatencyUtils-2.0.3.jar:/Users/dpfeffer/.m2/repository/org/springframework/geode/spring-geode-starter/1.1.0.RELEASE/spring-geode-starter-1.1.0.RELEASE.jar:/Users/dpfeffer/.m2/repository/org/springframework/geode/spring-geode/1.1.0.RELEASE/spring-geode-1.1.0.RELEASE.jar:/Users/dpfeffer/.m2/repository/org/springframework/data/spring-data-geode/2.1.9.RELEASE/spring-data-geode-2.1.9.RELEASE.jar:/Users/dpfeffer/.m2/repository/org/springframework/spring-tx/5.1.8.RELEASE/spring-tx-5.1.8.RELEASE.jar:/Users/dpfeffer/.m2/repository/org/springframework/data/spring-data-commons/2.1.9.RELEASE/spring-data-commons-2.1.9.RELEASE.jar:/Users/dpfeffer/.m2/repository/org/apache/geode/geode-core/1.6.0/geode-core-1.6.0.jar:/Users/dpfeffer/.m2/repository/com/github/stephenc/findbugs/findbugs-annotations/1.3.9-1/findbugs-annotations-1.3.9-1.jar:/Users/dpfeffer/.m2/repository/org/jgroups/jgroups/3.6.14.Final/jgroups-3.6.14.Final.jar:/Users/dpfeffer/.m2/repository/commons-validator/commons-validator/1.6/commons-validator-1.6.jar:/Users/dpfeffer/.m2/repository/commons-beanutils/commons-beanutils/1.9.2/commons-beanutils-1.9.2.jar:/Users/dpfeffer/.m2/repository/commons-logging/commons-logging/1.2/commons-logging-1.2.jar:/Users/dpfeffer/.m2/repository/commons-collections/commons-collections/3.2.2/commons-collections-3.2.2.jar:/Users/dpfeffer/.m2/repository/commons-digester/commons-digester/2.1/commons-digester-2.1.jar:/Users/dpfeffer/.m2/repository/commons-lang/commons-lang/2.6/commons-lang-2.6.jar:/Users/dpfeffer/.m2/repository/it/unimi/dsi/fastutil/8.1.1/fastutil-8.1.1.jar:/Users/dpfeffer/.m2/repository/javax/resource/javax.resource-api/1.7/javax.resource-api-1.7.jar:/Users/dpfeffer/.m2/repository/javax/transaction/javax.transaction-api/1.3/javax.transaction-api-1.3.jar:/Users/dpfeffer/.m2/repository/net/java/dev/jna/jna/4.5.2/jna-4.5.2.jar:/Users/dpfeffer/.m2/repository/net/sf/jopt-simple/jopt-simple/5.0.4/jopt-simple-5.0.4.jar:/Users/dpfeffer/.m2/repository/org/apache/shiro/shiro-core/1.4.0/shiro-core-1.4.0.jar:/Users/dpfeffer/.m2/repository/org/apache/shiro/shiro-lang/1.4.0/shiro-lang-1.4.0.jar:/Users/dpfeffer/.m2/repository/org/apache/shiro/shiro-cache/1.4.0/shiro-cache-1.4.0.jar:/Users/dpfeffer/.m2/repository/org/apache/shiro/shiro-crypto-hash/1.4.0/shiro-crypto-hash-1.4.0.jar:/Users/dpfeffer/.m2/repository/org/apache/shiro/shiro-crypto-core/1.4.0/shiro-crypto-core-1.4.0.jar:/Users/dpfeffer/.m2/repository/org/apache/shiro/shiro-crypto-cipher/1.4.0/shiro-crypto-cipher-1.4.0.jar:/Users/dpfeffer/.m2/repository/org/apache/shiro/shiro-config-core/1.4.0/shiro-config-core-1.4.0.jar:/Users/dpfeffer/.m2/repository/org/apache/shiro/shiro-config-ogdl/1.4.0/shiro-config-ogdl-1.4.0.jar:/Users/dpfeffer/.m2/repository/org/apache/shiro/shiro-event/1.4.0/shiro-event-1.4.0.jar:/Users/dpfeffer/.m2/repository/io/github/lukehutch/fast-classpath-scanner/2.18.1/fast-classpath-scanner-2.18.1.jar:/Users/dpfeffer/.m2/repository/com/healthmarketscience/rmiio/rmiio/2.1.2/rmiio-2.1.2.jar:/Users/dpfeffer/.m2/repository/org/apache/geode/geode-common/1.6.0/geode-common-1.6.0.jar:/Users/dpfeffer/.m2/repository/org/apache/geode/geode-json/1.6.0/geode-json-1.6.0.jar:/Users/dpfeffer/.m2/repository/org/apache/geode/geode-cq/1.6.0/geode-cq-1.6.0.jar:/Users/dpfeffer/.m2/repository/org/apache/geode/geode-lucene/1.6.0/geode-lucene-1.6.0.jar:/Users/dpfeffer/.m2/repository/org/apache/lucene/lucene-analyzers-common/6.6.2/lucene-analyzers-common-6.6.2.jar:/Users/dpfeffer/.m2/repository/org/apache/lucene/lucene-core/6.6.2/lucene-core-6.6.2.jar:/Users/dpfeffer/.m2/repository/org/apache/lucene/lucene-queries/6.6.2/lucene-queries-6.6.2.jar:/Users/dpfeffer/.m2/repository/org/apache/lucene/lucene-analyzers-phonetic/6.6.2/lucene-analyzers-phonetic-6.6.2.jar:/Users/dpfeffer/.m2/repository/commons-codec/commons-codec/1.11/commons-codec-1.11.jar:/Users/dpfeffer/.m2/repository/org/apache/lucene/lucene-queryparser/6.6.2/lucene-queryparser-6.6.2.jar:/Users/dpfeffer/.m2/repository/org/apache/geode/geode-wan/1.6.0/geode-wan-1.6.0.jar:/Users/dpfeffer/.m2/repository/antlr/antlr/2.7.7/antlr-2.7.7.jar:/Users/dpfeffer/.m2/repository/org/apache/shiro/shiro-spring/1.3.2/shiro-spring-1.3.2.jar:/Users/dpfeffer/.m2/repository/org/apache/shiro/shiro-web/1.3.2/shiro-web-1.3.2.jar:/Users/dpfeffer/.m2/repository/org/aspectj/aspectjweaver/1.9.4/aspectjweaver-1.9.4.jar:/Users/dpfeffer/.m2/repository/org/springframework/spring-context-support/5.1.8.RELEASE/spring-context-support-5.1.8.RELEASE.jar:/Users/dpfeffer/.m2/repository/org/springframework/geode/spring-geode-autoconfigure/1.1.0.RELEASE/spring-geode-autoconfigure-1.1.0.RELEASE.jar:/Users/dpfeffer/.m2/repository/javax/cache/cache-api/1.1.1/cache-api-1.1.1.jar:/Users/dpfeffer/.m2/repository/org/springframework/shell/spring-shell/1.2.0.RELEASE/spring-shell-1.2.0.RELEASE.jar:/Users/dpfeffer/.m2/repository/com/google/guava/guava/17.0/guava-17.0.jar:/Users/dpfeffer/.m2/repository/jline/jline/2.12/jline-2.12.jar:/Users/dpfeffer/.m2/repository/commons-io/commons-io/2.4/commons-io-2.4.jar:/Users/dpfeffer/.m2/repository/org/springframework/boot/spring-boot-starter-web/2.1.6.RELEASE/spring-boot-starter-web-2.1.6.RELEASE.jar:/Users/dpfeffer/.m2/repository/org/springframework/boot/spring-boot-starter-json/2.1.6.RELEASE/spring-boot-starter-json-2.1.6.RELEASE.jar:/Users/dpfeffer/.m2/repository/com/fasterxml/jackson/datatype/jackson-datatype-jdk8/2.9.9/jackson-datatype-jdk8-2.9.9.jar:/Users/dpfeffer/.m2/repository/com/fasterxml/jackson/module/jackson-module-parameter-names/2.9.9/jackson-module-parameter-names-2.9.9.jar:/Users/dpfeffer/.m2/repository/org/springframework/boot/spring-boot-starter-tomcat/2.1.6.RELEASE/spring-boot-starter-tomcat-2.1.6.RELEASE.jar:/Users/dpfeffer/.m2/repository/org/apache/tomcat/embed/tomcat-embed-core/9.0.21/tomcat-embed-core-9.0.21.jar:/Users/dpfeffer/.m2/repository/org/apache/tomcat/embed/tomcat-embed-el/9.0.21/tomcat-embed-el-9.0.21.jar:/Users/dpfeffer/.m2/repository/org/apache/tomcat/embed/tomcat-embed-websocket/9.0.21/tomcat-embed-websocket-9.0.21.jar:/Users/dpfeffer/.m2/repository/org/hibernate/validator/hibernate-validator/6.0.17.Final/hibernate-validator-6.0.17.Final.jar:/Users/dpfeffer/.m2/repository/javax/validation/validation-api/2.0.1.Final/validation-api-2.0.1.Final.jar:/Users/dpfeffer/.m2/repository/org/jboss/logging/jboss-logging/3.3.2.Final/jboss-logging-3.3.2.Final.jar:/Users/dpfeffer/.m2/repository/com/fasterxml/classmate/1.4.0/classmate-1.4.0.jar:/Users/dpfeffer/.m2/repository/org/springframework/spring-web/5.1.8.RELEASE/spring-web-5.1.8.RELEASE.jar:/Users/dpfeffer/.m2/repository/org/springframework/spring-beans/5.1.8.RELEASE/spring-beans-5.1.8.RELEASE.jar:/Users/dpfeffer/.m2/repository/org/springframework/spring-webmvc/5.1.8.RELEASE/spring-webmvc-5.1.8.RELEASE.jar:/Users/dpfeffer/.m2/repository/org/springframework/spring-aop/5.1.8.RELEASE/spring-aop-5.1.8.RELEASE.jar:/Users/dpfeffer/.m2/repository/org/springframework/spring-expression/5.1.8.RELEASE/spring-expression-5.1.8.RELEASE.jar:/Users/dpfeffer/.m2/repository/org/springframework/boot/spring-boot-starter-thymeleaf/2.1.6.RELEASE/spring-boot-starter-thymeleaf-2.1.6.RELEASE.jar:/Users/dpfeffer/.m2/repository/org/thymeleaf/thymeleaf-spring5/3.0.11.RELEASE/thymeleaf-spring5-3.0.11.RELEASE.jar:/Users/dpfeffer/.m2/repository/org/thymeleaf/thymeleaf/3.0.11.RELEASE/thymeleaf-3.0.11.RELEASE.jar:/Users/dpfeffer/.m2/repository/org/attoparser/attoparser/2.0.5.RELEASE/attoparser-2.0.5.RELEASE.jar:/Users/dpfeffer/.m2/repository/org/unbescape/unbescape/1.1.6.RELEASE/unbescape-1.1.6.RELEASE.jar:/Users/dpfeffer/.m2/repository/org/thymeleaf/extras/thymeleaf-extras-java8time/3.0.4.RELEASE/thymeleaf-extras-java8time-3.0.4.RELEASE.jar:/Users/dpfeffer/.m2/repository/org/springframework/boot/spring-boot-starter-test/2.1.6.RELEASE/spring-boot-starter-test-2.1.6.RELEASE.jar:/Users/dpfeffer/.m2/repository/org/springframework/boot/spring-boot-test/2.1.6.RELEASE/spring-boot-test-2.1.6.RELEASE.jar:/Users/dpfeffer/.m2/repository/org/springframework/boot/spring-boot-test-autoconfigure/2.1.6.RELEASE/spring-boot-test-autoconfigure-2.1.6.RELEASE.jar:/Users/dpfeffer/.m2/repository/com/jayway/jsonpath/json-path/2.4.0/json-path-2.4.0.jar:/Users/dpfeffer/.m2/repository/net/minidev/json-smart/2.3/json-smart-2.3.jar:/Users/dpfeffer/.m2/repository/net/minidev/accessors-smart/1.2/accessors-smart-1.2.jar:/Users/dpfeffer/.m2/repository/org/ow2/asm/asm/5.0.4/asm-5.0.4.jar:/Users/dpfeffer/.m2/repository/junit/junit/4.12/junit-4.12.jar:/Users/dpfeffer/.m2/repository/org/assertj/assertj-core/3.11.1/assertj-core-3.11.1.jar:/Users/dpfeffer/.m2/repository/org/mockito/mockito-core/2.23.4/mockito-core-2.23.4.jar:/Users/dpfeffer/.m2/repository/net/bytebuddy/byte-buddy/1.9.13/byte-buddy-1.9.13.jar:/Users/dpfeffer/.m2/repository/net/bytebuddy/byte-buddy-agent/1.9.13/byte-buddy-agent-1.9.13.jar:/Users/dpfeffer/.m2/repository/org/objenesis/objenesis/2.6/objenesis-2.6.jar:/Users/dpfeffer/.m2/repository/org/hamcrest/hamcrest-core/1.3/hamcrest-core-1.3.jar:/Users/dpfeffer/.m2/repository/org/hamcrest/hamcrest-library/1.3/hamcrest-library-1.3.jar:/Users/dpfeffer/.m2/repository/org/skyscreamer/jsonassert/1.5.0/jsonassert-1.5.0.jar:/Users/dpfeffer/.m2/repository/com/vaadin/external/google/android-json/0.0.20131108.vaadin1/android-json-0.0.20131108.vaadin1.jar:/Users/dpfeffer/.m2/repository/org/springframework/spring-test/5.1.8.RELEASE/spring-test-5.1.8.RELEASE.jar:/Users/dpfeffer/.m2/repository/org/xmlunit/xmlunit-core/2.6.2/xmlunit-core-2.6.2.jar:/Users/dpfeffer/.m2/repository/org/webjars/webjars-locator-core/0.35/webjars-locator-core-0.35.jar:/Users/dpfeffer/.m2/repository/org/apache/commons/commons-lang3/3.8.1/commons-lang3-3.8.1.jar:/Users/dpfeffer/.m2/repository/org/apache/commons/commons-compress/1.9/commons-compress-1.9.jar:/Users/dpfeffer/.m2/repository/com/fasterxml/jackson/core/jackson-core/2.9.9/jackson-core-2.9.9.jar:/Users/dpfeffer/.m2/repository/org/webjars/jquery/2.2.4/jquery-2.2.4.jar:/Users/dpfeffer/.m2/repository/org/webjars/jquery-ui/1.11.4/jquery-ui-1.11.4.jar:/Users/dpfeffer/.m2/repository/org/webjars/bootstrap/3.3.6/bootstrap-3.3.6.jar:/Users/dpfeffer/.m2/repository/org/springframework/boot/spring-boot-devtools/2.1.6.RELEASE/spring-boot-devtools-2.1.6.RELEASE.jar:"/>
    <property name="java.vm.vendor" value="Oracle Corporation"/>
    <property name="sun.arch.data.model" value="64"/>
    <property name="java.vendor.url" value="http://java.oracle.com/"/>
    <property name="user.timezone" value=""/>
    <property name="java.vm.specification.version" value="1.8"/>
    <property name="os.name" value="Mac OS X"/>
    <property name="user.country" value="US"/>
    <property name="sun.java.launcher" value="SUN_STANDARD"/>
    <property name="sun.boot.library.path" value="/Library/Java/JavaVirtualMachines/jdk1.8.0_161.jdk/Contents/Home/jre/lib"/>
    <property name="sun.java.command" value="/Users/dpfeffer/workspace/spring-petclinic/spring-petclinic-app/target/surefire/surefirebooter4507241748786853544.jar /Users/dpfeffer/workspace/spring-petclinic/spring-petclinic-app/target/surefire 2019-09-13T16-45-15_261-jvmRun1 surefire2066917297179564149tmp surefire_09184228353826532234tmp"/>
    <property name="surefire.test.class.path" value="/Users/dpfeffer/workspace/spring-petclinic/spring-petclinic-app/target/test-classes:/Users/dpfeffer/workspace/spring-petclinic/spring-petclinic-app/target/classes:/Users/dpfeffer/.m2/repository/org/springframework/boot/spring-boot-starter/2.1.6.RELEASE/spring-boot-starter-2.1.6.RELEASE.jar:/Users/dpfeffer/.m2/repository/org/springframework/boot/spring-boot/2.1.6.RELEASE/spring-boot-2.1.6.RELEASE.jar:/Users/dpfeffer/.m2/repository/org/springframework/spring-context/5.1.8.RELEASE/spring-context-5.1.8.RELEASE.jar:/Users/dpfeffer/.m2/repository/org/springframework/boot/spring-boot-autoconfigure/2.1.6.RELEASE/spring-boot-autoconfigure-2.1.6.RELEASE.jar:/Users/dpfeffer/.m2/repository/javax/annotation/javax.annotation-api/1.3.2/javax.annotation-api-1.3.2.jar:/Users/dpfeffer/.m2/repository/org/springframework/spring-core/5.1.8.RELEASE/spring-core-5.1.8.RELEASE.jar:/Users/dpfeffer/.m2/repository/org/springframework/spring-jcl/5.1.8.RELEASE/spring-jcl-5.1.8.RELEASE.jar:/Users/dpfeffer/.m2/repository/org/yaml/snakeyaml/1.23/snakeyaml-1.23.jar:/Users/dpfeffer/.m2/repository/org/apache/logging/log4j/log4j-slf4j-impl/2.11.2/log4j-slf4j-impl-2.11.2.jar:/Users/dpfeffer/.m2/repository/org/slf4j/slf4j-api/1.7.26/slf4j-api-1.7.26.jar:/Users/dpfeffer/.m2/repository/org/apache/logging/log4j/log4j-api/2.11.2/log4j-api-2.11.2.jar:/Users/dpfeffer/.m2/repository/org/apache/logging/log4j/log4j-core/2.11.2/log4j-core-2.11.2.jar:/Users/dpfeffer/.m2/repository/org/slf4j/jcl-over-slf4j/1.7.26/jcl-over-slf4j-1.7.26.jar:/Users/dpfeffer/.m2/repository/org/slf4j/jul-to-slf4j/1.7.26/jul-to-slf4j-1.7.26.jar:/Users/dpfeffer/.m2/repository/org/projectlombok/lombok/1.18.8/lombok-1.18.8.jar:/Users/dpfeffer/.m2/repository/org/springframework/boot/spring-boot-starter-actuator/2.1.6.RELEASE/spring-boot-starter-actuator-2.1.6.RELEASE.jar:/Users/dpfeffer/.m2/repository/org/springframework/boot/spring-boot-actuator-autoconfigure/2.1.6.RELEASE/spring-boot-actuator-autoconfigure-2.1.6.RELEASE.jar:/Users/dpfeffer/.m2/repository/org/springframework/boot/spring-boot-actuator/2.1.6.RELEASE/spring-boot-actuator-2.1.6.RELEASE.jar:/Users/dpfeffer/.m2/repository/com/fasterxml/jackson/core/jackson-databind/2.9.9/jackson-databind-2.9.9.jar:/Users/dpfeffer/.m2/repository/com/fasterxml/jackson/core/jackson-annotations/2.9.0/jackson-annotations-2.9.0.jar:/Users/dpfeffer/.m2/repository/com/fasterxml/jackson/datatype/jackson-datatype-jsr310/2.9.9/jackson-datatype-jsr310-2.9.9.jar:/Users/dpfeffer/.m2/repository/io/micrometer/micrometer-core/1.1.5/micrometer-core-1.1.5.jar:/Users/dpfeffer/.m2/repository/org/hdrhistogram/HdrHistogram/2.1.9/HdrHistogram-2.1.9.jar:/Users/dpfeffer/.m2/repository/org/latencyutils/LatencyUtils/2.0.3/LatencyUtils-2.0.3.jar:/Users/dpfeffer/.m2/repository/org/springframework/geode/spring-geode-starter/1.1.0.RELEASE/spring-geode-starter-1.1.0.RELEASE.jar:/Users/dpfeffer/.m2/repository/org/springframework/geode/spring-geode/1.1.0.RELEASE/spring-geode-1.1.0.RELEASE.jar:/Users/dpfeffer/.m2/repository/org/springframework/data/spring-data-geode/2.1.9.RELEASE/spring-data-geode-2.1.9.RELEASE.jar:/Users/dpfeffer/.m2/repository/org/springframework/spring-tx/5.1.8.RELEASE/spring-tx-5.1.8.RELEASE.jar:/Users/dpfeffer/.m2/repository/org/springframework/data/spring-data-commons/2.1.9.RELEASE/spring-data-commons-2.1.9.RELEASE.jar:/Users/dpfeffer/.m2/repository/org/apache/geode/geode-core/1.6.0/geode-core-1.6.0.jar:/Users/dpfeffer/.m2/repository/com/github/stephenc/findbugs/findbugs-annotations/1.3.9-1/findbugs-annotations-1.3.9-1.jar:/Users/dpfeffer/.m2/repository/org/jgroups/jgroups/3.6.14.Final/jgroups-3.6.14.Final.jar:/Users/dpfeffer/.m2/repository/commons-validator/commons-validator/1.6/commons-validator-1.6.jar:/Users/dpfeffer/.m2/repository/commons-beanutils/commons-beanutils/1.9.2/commons-beanutils-1.9.2.jar:/Users/dpfeffer/.m2/repository/commons-logging/commons-logging/1.2/commons-logging-1.2.jar:/Users/dpfeffer/.m2/repository/commons-collections/commons-collections/3.2.2/commons-collections-3.2.2.jar:/Users/dpfeffer/.m2/repository/commons-digester/commons-digester/2.1/commons-digester-2.1.jar:/Users/dpfeffer/.m2/repository/commons-lang/commons-lang/2.6/commons-lang-2.6.jar:/Users/dpfeffer/.m2/repository/it/unimi/dsi/fastutil/8.1.1/fastutil-8.1.1.jar:/Users/dpfeffer/.m2/repository/javax/resource/javax.resource-api/1.7/javax.resource-api-1.7.jar:/Users/dpfeffer/.m2/repository/javax/transaction/javax.transaction-api/1.3/javax.transaction-api-1.3.jar:/Users/dpfeffer/.m2/repository/net/java/dev/jna/jna/4.5.2/jna-4.5.2.jar:/Users/dpfeffer/.m2/repository/net/sf/jopt-simple/jopt-simple/5.0.4/jopt-simple-5.0.4.jar:/Users/dpfeffer/.m2/repository/org/apache/shiro/shiro-core/1.4.0/shiro-core-1.4.0.jar:/Users/dpfeffer/.m2/repository/org/apache/shiro/shiro-lang/1.4.0/shiro-lang-1.4.0.jar:/Users/dpfeffer/.m2/repository/org/apache/shiro/shiro-cache/1.4.0/shiro-cache-1.4.0.jar:/Users/dpfeffer/.m2/repository/org/apache/shiro/shiro-crypto-hash/1.4.0/shiro-crypto-hash-1.4.0.jar:/Users/dpfeffer/.m2/repository/org/apache/shiro/shiro-crypto-core/1.4.0/shiro-crypto-core-1.4.0.jar:/Users/dpfeffer/.m2/repository/org/apache/shiro/shiro-crypto-cipher/1.4.0/shiro-crypto-cipher-1.4.0.jar:/Users/dpfeffer/.m2/repository/org/apache/shiro/shiro-config-core/1.4.0/shiro-config-core-1.4.0.jar:/Users/dpfeffer/.m2/repository/org/apache/shiro/shiro-config-ogdl/1.4.0/shiro-config-ogdl-1.4.0.jar:/Users/dpfeffer/.m2/repository/org/apache/shiro/shiro-event/1.4.0/shiro-event-1.4.0.jar:/Users/dpfeffer/.m2/repository/io/github/lukehutch/fast-classpath-scanner/2.18.1/fast-classpath-scanner-2.18.1.jar:/Users/dpfeffer/.m2/repository/com/healthmarketscience/rmiio/rmiio/2.1.2/rmiio-2.1.2.jar:/Users/dpfeffer/.m2/repository/org/apache/geode/geode-common/1.6.0/geode-common-1.6.0.jar:/Users/dpfeffer/.m2/repository/org/apache/geode/geode-json/1.6.0/geode-json-1.6.0.jar:/Users/dpfeffer/.m2/repository/org/apache/geode/geode-cq/1.6.0/geode-cq-1.6.0.jar:/Users/dpfeffer/.m2/repository/org/apache/geode/geode-lucene/1.6.0/geode-lucene-1.6.0.jar:/Users/dpfeffer/.m2/repository/org/apache/lucene/lucene-analyzers-common/6.6.2/lucene-analyzers-common-6.6.2.jar:/Users/dpfeffer/.m2/repository/org/apache/lucene/lucene-core/6.6.2/lucene-core-6.6.2.jar:/Users/dpfeffer/.m2/repository/org/apache/lucene/lucene-queries/6.6.2/lucene-queries-6.6.2.jar:/Users/dpfeffer/.m2/repository/org/apache/lucene/lucene-analyzers-phonetic/6.6.2/lucene-analyzers-phonetic-6.6.2.jar:/Users/dpfeffer/.m2/repository/commons-codec/commons-codec/1.11/commons-codec-1.11.jar:/Users/dpfeffer/.m2/repository/org/apache/lucene/lucene-queryparser/6.6.2/lucene-queryparser-6.6.2.jar:/Users/dpfeffer/.m2/repository/org/apache/geode/geode-wan/1.6.0/geode-wan-1.6.0.jar:/Users/dpfeffer/.m2/repository/antlr/antlr/2.7.7/antlr-2.7.7.jar:/Users/dpfeffer/.m2/repository/org/apache/shiro/shiro-spring/1.3.2/shiro-spring-1.3.2.jar:/Users/dpfeffer/.m2/repository/org/apache/shiro/shiro-web/1.3.2/shiro-web-1.3.2.jar:/Users/dpfeffer/.m2/repository/org/aspectj/aspectjweaver/1.9.4/aspectjweaver-1.9.4.jar:/Users/dpfeffer/.m2/repository/org/springframework/spring-context-support/5.1.8.RELEASE/spring-context-support-5.1.8.RELEASE.jar:/Users/dpfeffer/.m2/repository/org/springframework/geode/spring-geode-autoconfigure/1.1.0.RELEASE/spring-geode-autoconfigure-1.1.0.RELEASE.jar:/Users/dpfeffer/.m2/repository/javax/cache/cache-api/1.1.1/cache-api-1.1.1.jar:/Users/dpfeffer/.m2/repository/org/springframework/shell/spring-shell/1.2.0.RELEASE/spring-shell-1.2.0.RELEASE.jar:/Users/dpfeffer/.m2/repository/com/google/guava/guava/17.0/guava-17.0.jar:/Users/dpfeffer/.m2/repository/jline/jline/2.12/jline-2.12.jar:/Users/dpfeffer/.m2/repository/commons-io/commons-io/2.4/commons-io-2.4.jar:/Users/dpfeffer/.m2/repository/org/springframework/boot/spring-boot-starter-web/2.1.6.RELEASE/spring-boot-starter-web-2.1.6.RELEASE.jar:/Users/dpfeffer/.m2/repository/org/springframework/boot/spring-boot-starter-json/2.1.6.RELEASE/spring-boot-starter-json-2.1.6.RELEASE.jar:/Users/dpfeffer/.m2/repository/com/fasterxml/jackson/datatype/jackson-datatype-jdk8/2.9.9/jackson-datatype-jdk8-2.9.9.jar:/Users/dpfeffer/.m2/repository/com/fasterxml/jackson/module/jackson-module-parameter-names/2.9.9/jackson-module-parameter-names-2.9.9.jar:/Users/dpfeffer/.m2/repository/org/springframework/boot/spring-boot-starter-tomcat/2.1.6.RELEASE/spring-boot-starter-tomcat-2.1.6.RELEASE.jar:/Users/dpfeffer/.m2/repository/org/apache/tomcat/embed/tomcat-embed-core/9.0.21/tomcat-embed-core-9.0.21.jar:/Users/dpfeffer/.m2/repository/org/apache/tomcat/embed/tomcat-embed-el/9.0.21/tomcat-embed-el-9.0.21.jar:/Users/dpfeffer/.m2/repository/org/apache/tomcat/embed/tomcat-embed-websocket/9.0.21/tomcat-embed-websocket-9.0.21.jar:/Users/dpfeffer/.m2/repository/org/hibernate/validator/hibernate-validator/6.0.17.Final/hibernate-validator-6.0.17.Final.jar:/Users/dpfeffer/.m2/repository/javax/validation/validation-api/2.0.1.Final/validation-api-2.0.1.Final.jar:/Users/dpfeffer/.m2/repository/org/jboss/logging/jboss-logging/3.3.2.Final/jboss-logging-3.3.2.Final.jar:/Users/dpfeffer/.m2/repository/com/fasterxml/classmate/1.4.0/classmate-1.4.0.jar:/Users/dpfeffer/.m2/repository/org/springframework/spring-web/5.1.8.RELEASE/spring-web-5.1.8.RELEASE.jar:/Users/dpfeffer/.m2/repository/org/springframework/spring-beans/5.1.8.RELEASE/spring-beans-5.1.8.RELEASE.jar:/Users/dpfeffer/.m2/repository/org/springframework/spring-webmvc/5.1.8.RELEASE/spring-webmvc-5.1.8.RELEASE.jar:/Users/dpfeffer/.m2/repository/org/springframework/spring-aop/5.1.8.RELEASE/spring-aop-5.1.8.RELEASE.jar:/Users/dpfeffer/.m2/repository/org/springframework/spring-expression/5.1.8.RELEASE/spring-expression-5.1.8.RELEASE.jar:/Users/dpfeffer/.m2/repository/org/springframework/boot/spring-boot-starter-thymeleaf/2.1.6.RELEASE/spring-boot-starter-thymeleaf-2.1.6.RELEASE.jar:/Users/dpfeffer/.m2/repository/org/thymeleaf/thymeleaf-spring5/3.0.11.RELEASE/thymeleaf-spring5-3.0.11.RELEASE.jar:/Users/dpfeffer/.m2/repository/org/thymeleaf/thymeleaf/3.0.11.RELEASE/thymeleaf-3.0.11.RELEASE.jar:/Users/dpfeffer/.m2/repository/org/attoparser/attoparser/2.0.5.RELEASE/attoparser-2.0.5.RELEASE.jar:/Users/dpfeffer/.m2/repository/org/unbescape/unbescape/1.1.6.RELEASE/unbescape-1.1.6.RELEASE.jar:/Users/dpfeffer/.m2/repository/org/thymeleaf/extras/thymeleaf-extras-java8time/3.0.4.RELEASE/thymeleaf-extras-java8time-3.0.4.RELEASE.jar:/Users/dpfeffer/.m2/repository/org/springframework/boot/spring-boot-starter-test/2.1.6.RELEASE/spring-boot-starter-test-2.1.6.RELEASE.jar:/Users/dpfeffer/.m2/repository/org/springframework/boot/spring-boot-test/2.1.6.RELEASE/spring-boot-test-2.1.6.RELEASE.jar:/Users/dpfeffer/.m2/repository/org/springframework/boot/spring-boot-test-autoconfigure/2.1.6.RELEASE/spring-boot-test-autoconfigure-2.1.6.RELEASE.jar:/Users/dpfeffer/.m2/repository/com/jayway/jsonpath/json-path/2.4.0/json-path-2.4.0.jar:/Users/dpfeffer/.m2/repository/net/minidev/json-smart/2.3/json-smart-2.3.jar:/Users/dpfeffer/.m2/repository/net/minidev/accessors-smart/1.2/accessors-smart-1.2.jar:/Users/dpfeffer/.m2/repository/org/ow2/asm/asm/5.0.4/asm-5.0.4.jar:/Users/dpfeffer/.m2/repository/junit/junit/4.12/junit-4.12.jar:/Users/dpfeffer/.m2/repository/org/assertj/assertj-core/3.11.1/assertj-core-3.11.1.jar:/Users/dpfeffer/.m2/repository/org/mockito/mockito-core/2.23.4/mockito-core-2.23.4.jar:/Users/dpfeffer/.m2/repository/net/bytebuddy/byte-buddy/1.9.13/byte-buddy-1.9.13.jar:/Users/dpfeffer/.m2/repository/net/bytebuddy/byte-buddy-agent/1.9.13/byte-buddy-agent-1.9.13.jar:/Users/dpfeffer/.m2/repository/org/objenesis/objenesis/2.6/objenesis-2.6.jar:/Users/dpfeffer/.m2/repository/org/hamcrest/hamcrest-core/1.3/hamcrest-core-1.3.jar:/Users/dpfeffer/.m2/repository/org/hamcrest/hamcrest-library/1.3/hamcrest-library-1.3.jar:/Users/dpfeffer/.m2/repository/org/skyscreamer/jsonassert/1.5.0/jsonassert-1.5.0.jar:/Users/dpfeffer/.m2/repository/com/vaadin/external/google/android-json/0.0.20131108.vaadin1/android-json-0.0.20131108.vaadin1.jar:/Users/dpfeffer/.m2/repository/org/springframework/spring-test/5.1.8.RELEASE/spring-test-5.1.8.RELEASE.jar:/Users/dpfeffer/.m2/repository/org/xmlunit/xmlunit-core/2.6.2/xmlunit-core-2.6.2.jar:/Users/dpfeffer/.m2/repository/org/webjars/webjars-locator-core/0.35/webjars-locator-core-0.35.jar:/Users/dpfeffer/.m2/repository/org/apache/commons/commons-lang3/3.8.1/commons-lang3-3.8.1.jar:/Users/dpfeffer/.m2/repository/org/apache/commons/commons-compress/1.9/commons-compress-1.9.jar:/Users/dpfeffer/.m2/repository/com/fasterxml/jackson/core/jackson-core/2.9.9/jackson-core-2.9.9.jar:/Users/dpfeffer/.m2/repository/org/webjars/jquery/2.2.4/jquery-2.2.4.jar:/Users/dpfeffer/.m2/repository/org/webjars/jquery-ui/1.11.4/jquery-ui-1.11.4.jar:/Users/dpfeffer/.m2/repository/org/webjars/bootstrap/3.3.6/bootstrap-3.3.6.jar:/Users/dpfeffer/.m2/repository/org/springframework/boot/spring-boot-devtools/2.1.6.RELEASE/spring-boot-devtools-2.1.6.RELEASE.jar:"/>
    <property name="sun.cpu.endian" value="little"/>
    <property name="user.home" value="/Users/dpfeffer"/>
    <property name="user.language" value="en"/>
    <property name="java.specification.vendor" value="Oracle Corporation"/>
    <property name="java.home" value="/Library/Java/JavaVirtualMachines/jdk1.8.0_161.jdk/Contents/Home/jre"/>
    <property name="basedir" value="/Users/dpfeffer/workspace/spring-petclinic/spring-petclinic-app"/>
    <property name="file.separator" value="/"/>
    <property name="line.separator" value="&#10;"/>
    <property name="java.vm.specification.vendor" value="Oracle Corporation"/>
    <property name="java.specification.name" value="Java Platform API Specification"/>
    <property name="java.awt.graphicsenv" value="sun.awt.CGraphicsEnvironment"/>
    <property name="surefire.real.class.path" value="/Users/dpfeffer/workspace/spring-petclinic/spring-petclinic-app/target/surefire/surefirebooter4507241748786853544.jar:/Users/dpfeffer/.m2/repository/org/jacoco/org.jacoco.agent/0.8.2/org.jacoco.agent-0.8.2-runtime.jar"/>
    <property name="sun.boot.class.path" value="/Library/Java/JavaVirtualMachines/jdk1.8.0_161.jdk/Contents/Home/jre/lib/resources.jar:/Library/Java/JavaVirtualMachines/jdk1.8.0_161.jdk/Contents/Home/jre/lib/rt.jar:/Library/Java/JavaVirtualMachines/jdk1.8.0_161.jdk/Contents/Home/jre/lib/sunrsasign.jar:/Library/Java/JavaVirtualMachines/jdk1.8.0_161.jdk/Contents/Home/jre/lib/jsse.jar:/Library/Java/JavaVirtualMachines/jdk1.8.0_161.jdk/Contents/Home/jre/lib/jce.jar:/Library/Java/JavaVirtualMachines/jdk1.8.0_161.jdk/Contents/Home/jre/lib/charsets.jar:/Library/Java/JavaVirtualMachines/jdk1.8.0_161.jdk/Contents/Home/jre/lib/jfr.jar:/Library/Java/JavaVirtualMachines/jdk1.8.0_161.jdk/Contents/Home/jre/classes"/>
    <property name="sun.management.compiler" value="HotSpot 64-Bit Tiered Compilers"/>
    <property name="java.runtime.version" value="1.8.0_161-b12"/>
    <property name="user.name" value="dpfeffer"/>
    <property name="path.separator" value=":"/>
    <property name="os.version" value="10.14.6"/>
    <property name="java.endorsed.dirs" value="/Library/Java/JavaVirtualMachines/jdk1.8.0_161.jdk/Contents/Home/jre/lib/endorsed"/>
    <property name="java.runtime.name" value="Java(TM) SE Runtime Environment"/>
    <property name="file.encoding" value="UTF-8"/>
    <property name="java.vm.name" value="Java HotSpot(TM) 64-Bit Server VM"/>
    <property name="localRepository" value="/Users/dpfeffer/.m2/repository"/>
    <property name="java.vendor.url.bug" value="http://bugreport.sun.com/bugreport/"/>
    <property name="java.io.tmpdir" value="/var/folders/08/ds20nbsd3ysdw92m9v1lntkh0000gn/T/"/>
    <property name="java.version" value="1.8.0_161"/>
    <property name="user.dir" value="/Users/dpfeffer/workspace/spring-petclinic/spring-petclinic-app"/>
    <property name="os.arch" value="x86_64"/>
    <property name="java.vm.specification.name" value="Java Virtual Machine Specification"/>
    <property name="java.awt.printerjob" value="sun.lwawt.macosx.CPrinterJob"/>
    <property name="sun.os.patch.level" value="unknown"/>
    <property name="java.library.path" value="/Users/dpfeffer/Library/Java/Extensions:/Library/Java/Extensions:/Network/Library/Java/Extensions:/System/Library/Java/Extensions:/usr/lib/java:."/>
    <property name="java.vm.info" value="mixed mode"/>
    <property name="java.vendor" value="Oracle Corporation"/>
    <property name="java.vm.version" value="25.161-b12"/>
    <property name="java.ext.dirs" value="/Users/dpfeffer/Library/Java/Extensions:/Library/Java/JavaVirtualMachines/jdk1.8.0_161.jdk/Contents/Home/jre/lib/ext:/Library/Java/Extensions:/Network/Library/Java/Extensions:/System/Library/Java/Extensions:/usr/lib/java"/>
    <property name="sun.io.unicode.encoding" value="UnicodeBig"/>
    <property name="java.class.version" value="52.0"/>
  </properties>
  <testcase name="testProcessNewVisitFormHasErrors" classname="io.pivotal.petclinic.owner.VisitControllerTests" time="0.075"/>
  <testcase name="testProcessNewVisitFormSuccess" classname="io.pivotal.petclinic.owner.VisitControllerTests" time="0.01"/>
  <testcase name="testInitNewVisitForm" classname="io.pivotal.petclinic.owner.VisitControllerTests" time="0.013"/>
</testsuite>